语法

    0 $accept: lines $end

    1 lines: lines expr ';'
    2      | lines ';'
    3      | %empty

    4 expr: expr ADD expr
    5     | expr SUB expr
    6     | expr MUL expr
    7     | expr DIV expr
    8     | LPar expr RPar
    9     | SUB expr
   10     | NUMBER
   11     | ID


终结语词，附有它们出现处的规则

    $end (0) 0
    ';' (59) 1 2
    error (256)
    ID (258) 11
    NUMBER (259) 10
    ADD (260) 4
    SUB (261) 5 9
    MUL (262) 6
    DIV (263) 7
    LPar (264) 8
    RPar (265) 8
    UMINUS (266)


非终结语词，附有它们出现处的规则

    $accept (13)
        on left: 0
    lines (14)
        on left: 1 2 3
        on right: 0 1 2
    expr (15)
        on left: 4 5 6 7 8 9 10 11
        on right: 1 4 5 6 7 8 9


状态 0

    0 $accept: . lines $end

    $default  使用规则 3 以归约 (lines)

    lines  转到状态 1


状态 1

    0 $accept: lines . $end
    1 lines: lines . expr ';'
    2      | lines . ';'

    $end    偏移，并进入状态 2
    ID      偏移，并进入状态 3
    NUMBER  偏移，并进入状态 4
    SUB     偏移，并进入状态 5
    LPar    偏移，并进入状态 6
    ';'     偏移，并进入状态 7

    expr  转到状态 8


状态 2

    0 $accept: lines $end .

    $default  接受


状态 3

   11 expr: ID .

    $default  使用规则 11 以归约 (expr)


状态 4

   10 expr: NUMBER .

    $default  使用规则 10 以归约 (expr)


状态 5

    9 expr: SUB . expr

    ID      偏移，并进入状态 3
    NUMBER  偏移，并进入状态 4
    SUB     偏移，并进入状态 5
    LPar    偏移，并进入状态 6

    expr  转到状态 9


状态 6

    8 expr: LPar . expr RPar

    ID      偏移，并进入状态 3
    NUMBER  偏移，并进入状态 4
    SUB     偏移，并进入状态 5
    LPar    偏移，并进入状态 6

    expr  转到状态 10


状态 7

    2 lines: lines ';' .

    $default  使用规则 2 以归约 (lines)


状态 8

    1 lines: lines expr . ';'
    4 expr: expr . ADD expr
    5     | expr . SUB expr
    6     | expr . MUL expr
    7     | expr . DIV expr

    ADD  偏移，并进入状态 11
    SUB  偏移，并进入状态 12
    MUL  偏移，并进入状态 13
    DIV  偏移，并进入状态 14
    ';'  偏移，并进入状态 15


状态 9

    4 expr: expr . ADD expr
    5     | expr . SUB expr
    6     | expr . MUL expr
    7     | expr . DIV expr
    9     | SUB expr .

    $default  使用规则 9 以归约 (expr)


状态 10

    4 expr: expr . ADD expr
    5     | expr . SUB expr
    6     | expr . MUL expr
    7     | expr . DIV expr
    8     | LPar expr . RPar

    ADD   偏移，并进入状态 11
    SUB   偏移，并进入状态 12
    MUL   偏移，并进入状态 13
    DIV   偏移，并进入状态 14
    RPar  偏移，并进入状态 16


状态 11

    4 expr: expr ADD . expr

    ID      偏移，并进入状态 3
    NUMBER  偏移，并进入状态 4
    SUB     偏移，并进入状态 5
    LPar    偏移，并进入状态 6

    expr  转到状态 17


状态 12

    5 expr: expr SUB . expr

    ID      偏移，并进入状态 3
    NUMBER  偏移，并进入状态 4
    SUB     偏移，并进入状态 5
    LPar    偏移，并进入状态 6

    expr  转到状态 18


状态 13

    6 expr: expr MUL . expr

    ID      偏移，并进入状态 3
    NUMBER  偏移，并进入状态 4
    SUB     偏移，并进入状态 5
    LPar    偏移，并进入状态 6

    expr  转到状态 19


状态 14

    7 expr: expr DIV . expr

    ID      偏移，并进入状态 3
    NUMBER  偏移，并进入状态 4
    SUB     偏移，并进入状态 5
    LPar    偏移，并进入状态 6

    expr  转到状态 20


状态 15

    1 lines: lines expr ';' .

    $default  使用规则 1 以归约 (lines)


状态 16

    8 expr: LPar expr RPar .

    $default  使用规则 8 以归约 (expr)


状态 17

    4 expr: expr . ADD expr
    4     | expr ADD expr .
    5     | expr . SUB expr
    6     | expr . MUL expr
    7     | expr . DIV expr

    MUL  偏移，并进入状态 13
    DIV  偏移，并进入状态 14

    $default  使用规则 4 以归约 (expr)


状态 18

    4 expr: expr . ADD expr
    5     | expr . SUB expr
    5     | expr SUB expr .
    6     | expr . MUL expr
    7     | expr . DIV expr

    MUL  偏移，并进入状态 13
    DIV  偏移，并进入状态 14

    $default  使用规则 5 以归约 (expr)


状态 19

    4 expr: expr . ADD expr
    5     | expr . SUB expr
    6     | expr . MUL expr
    6     | expr MUL expr .
    7     | expr . DIV expr

    $default  使用规则 6 以归约 (expr)


状态 20

    4 expr: expr . ADD expr
    5     | expr . SUB expr
    6     | expr . MUL expr
    7     | expr . DIV expr
    7     | expr DIV expr .

    $default  使用规则 7 以归约 (expr)
