语法

    0 $accept: lines $end

    1 lines: lines expr '\n'
    2      | lines '\n'
    3      | %empty

    4 expr: expr ADD expr
    5     | expr SUB expr
    6     | expr MUL expr
    7     | expr DIV expr
    8     | LPar expr RPar
    9     | SUB expr
   10     | NUMBER

   11 NUMBER: '0'
   12       | '1'
   13       | '2'
   14       | '3'
   15       | '4'
   16       | '5'
   17       | '6'
   18       | '7'
   19       | '8'
   20       | '9'


终结语词，附有它们出现处的规则

    $end (0) 0
    '\n' (10) 1 2
    '0' (48) 11
    '1' (49) 12
    '2' (50) 13
    '3' (51) 14
    '4' (52) 15
    '5' (53) 16
    '6' (54) 17
    '7' (55) 18
    '8' (56) 19
    '9' (57) 20
    error (256)
    ADD (258) 4
    SUB (259) 5 9
    MUL (260) 6
    DIV (261) 7
    LPar (262) 8
    RPar (263) 8
    UMINUS (264)


非终结语词，附有它们出现处的规则

    $accept (21)
        on left: 0
    lines (22)
        on left: 1 2 3
        on right: 0 1 2
    expr (23)
        on left: 4 5 6 7 8 9 10
        on right: 1 4 5 6 7 8 9
    NUMBER (24)
        on left: 11 12 13 14 15 16 17 18 19 20
        on right: 10


状态 0

    0 $accept: . lines $end

    $default  使用规则 3 以归约 (lines)

    lines  转到状态 1


状态 1

    0 $accept: lines . $end
    1 lines: lines . expr '\n'
    2      | lines . '\n'

    $end  偏移，并进入状态 2
    SUB   偏移，并进入状态 3
    LPar  偏移，并进入状态 4
    '\n'  偏移，并进入状态 5
    '0'   偏移，并进入状态 6
    '1'   偏移，并进入状态 7
    '2'   偏移，并进入状态 8
    '3'   偏移，并进入状态 9
    '4'   偏移，并进入状态 10
    '5'   偏移，并进入状态 11
    '6'   偏移，并进入状态 12
    '7'   偏移，并进入状态 13
    '8'   偏移，并进入状态 14
    '9'   偏移，并进入状态 15

    expr    转到状态 16
    NUMBER  转到状态 17


状态 2

    0 $accept: lines $end .

    $default  接受


状态 3

    9 expr: SUB . expr

    SUB   偏移，并进入状态 3
    LPar  偏移，并进入状态 4
    '0'   偏移，并进入状态 6
    '1'   偏移，并进入状态 7
    '2'   偏移，并进入状态 8
    '3'   偏移，并进入状态 9
    '4'   偏移，并进入状态 10
    '5'   偏移，并进入状态 11
    '6'   偏移，并进入状态 12
    '7'   偏移，并进入状态 13
    '8'   偏移，并进入状态 14
    '9'   偏移，并进入状态 15

    expr    转到状态 18
    NUMBER  转到状态 17


状态 4

    8 expr: LPar . expr RPar

    SUB   偏移，并进入状态 3
    LPar  偏移，并进入状态 4
    '0'   偏移，并进入状态 6
    '1'   偏移，并进入状态 7
    '2'   偏移，并进入状态 8
    '3'   偏移，并进入状态 9
    '4'   偏移，并进入状态 10
    '5'   偏移，并进入状态 11
    '6'   偏移，并进入状态 12
    '7'   偏移，并进入状态 13
    '8'   偏移，并进入状态 14
    '9'   偏移，并进入状态 15

    expr    转到状态 19
    NUMBER  转到状态 17


状态 5

    2 lines: lines '\n' .

    $default  使用规则 2 以归约 (lines)


状态 6

   11 NUMBER: '0' .

    $default  使用规则 11 以归约 (NUMBER)


状态 7

   12 NUMBER: '1' .

    $default  使用规则 12 以归约 (NUMBER)


状态 8

   13 NUMBER: '2' .

    $default  使用规则 13 以归约 (NUMBER)


状态 9

   14 NUMBER: '3' .

    $default  使用规则 14 以归约 (NUMBER)


状态 10

   15 NUMBER: '4' .

    $default  使用规则 15 以归约 (NUMBER)


状态 11

   16 NUMBER: '5' .

    $default  使用规则 16 以归约 (NUMBER)


状态 12

   17 NUMBER: '6' .

    $default  使用规则 17 以归约 (NUMBER)


状态 13

   18 NUMBER: '7' .

    $default  使用规则 18 以归约 (NUMBER)


状态 14

   19 NUMBER: '8' .

    $default  使用规则 19 以归约 (NUMBER)


状态 15

   20 NUMBER: '9' .

    $default  使用规则 20 以归约 (NUMBER)


状态 16

    1 lines: lines expr . '\n'
    4 expr: expr . ADD expr
    5     | expr . SUB expr
    6     | expr . MUL expr
    7     | expr . DIV expr

    ADD   偏移，并进入状态 20
    SUB   偏移，并进入状态 21
    MUL   偏移，并进入状态 22
    DIV   偏移，并进入状态 23
    '\n'  偏移，并进入状态 24


状态 17

   10 expr: NUMBER .

    $default  使用规则 10 以归约 (expr)


状态 18

    4 expr: expr . ADD expr
    5     | expr . SUB expr
    6     | expr . MUL expr
    7     | expr . DIV expr
    9     | SUB expr .

    $default  使用规则 9 以归约 (expr)


状态 19

    4 expr: expr . ADD expr
    5     | expr . SUB expr
    6     | expr . MUL expr
    7     | expr . DIV expr
    8     | LPar expr . RPar

    ADD   偏移，并进入状态 20
    SUB   偏移，并进入状态 21
    MUL   偏移，并进入状态 22
    DIV   偏移，并进入状态 23
    RPar  偏移，并进入状态 25


状态 20

    4 expr: expr ADD . expr

    SUB   偏移，并进入状态 3
    LPar  偏移，并进入状态 4
    '0'   偏移，并进入状态 6
    '1'   偏移，并进入状态 7
    '2'   偏移，并进入状态 8
    '3'   偏移，并进入状态 9
    '4'   偏移，并进入状态 10
    '5'   偏移，并进入状态 11
    '6'   偏移，并进入状态 12
    '7'   偏移，并进入状态 13
    '8'   偏移，并进入状态 14
    '9'   偏移，并进入状态 15

    expr    转到状态 26
    NUMBER  转到状态 17


状态 21

    5 expr: expr SUB . expr

    SUB   偏移，并进入状态 3
    LPar  偏移，并进入状态 4
    '0'   偏移，并进入状态 6
    '1'   偏移，并进入状态 7
    '2'   偏移，并进入状态 8
    '3'   偏移，并进入状态 9
    '4'   偏移，并进入状态 10
    '5'   偏移，并进入状态 11
    '6'   偏移，并进入状态 12
    '7'   偏移，并进入状态 13
    '8'   偏移，并进入状态 14
    '9'   偏移，并进入状态 15

    expr    转到状态 27
    NUMBER  转到状态 17


状态 22

    6 expr: expr MUL . expr

    SUB   偏移，并进入状态 3
    LPar  偏移，并进入状态 4
    '0'   偏移，并进入状态 6
    '1'   偏移，并进入状态 7
    '2'   偏移，并进入状态 8
    '3'   偏移，并进入状态 9
    '4'   偏移，并进入状态 10
    '5'   偏移，并进入状态 11
    '6'   偏移，并进入状态 12
    '7'   偏移，并进入状态 13
    '8'   偏移，并进入状态 14
    '9'   偏移，并进入状态 15

    expr    转到状态 28
    NUMBER  转到状态 17


状态 23

    7 expr: expr DIV . expr

    SUB   偏移，并进入状态 3
    LPar  偏移，并进入状态 4
    '0'   偏移，并进入状态 6
    '1'   偏移，并进入状态 7
    '2'   偏移，并进入状态 8
    '3'   偏移，并进入状态 9
    '4'   偏移，并进入状态 10
    '5'   偏移，并进入状态 11
    '6'   偏移，并进入状态 12
    '7'   偏移，并进入状态 13
    '8'   偏移，并进入状态 14
    '9'   偏移，并进入状态 15

    expr    转到状态 29
    NUMBER  转到状态 17


状态 24

    1 lines: lines expr '\n' .

    $default  使用规则 1 以归约 (lines)


状态 25

    8 expr: LPar expr RPar .

    $default  使用规则 8 以归约 (expr)


状态 26

    4 expr: expr . ADD expr
    4     | expr ADD expr .
    5     | expr . SUB expr
    6     | expr . MUL expr
    7     | expr . DIV expr

    MUL  偏移，并进入状态 22
    DIV  偏移，并进入状态 23

    $default  使用规则 4 以归约 (expr)


状态 27

    4 expr: expr . ADD expr
    5     | expr . SUB expr
    5     | expr SUB expr .
    6     | expr . MUL expr
    7     | expr . DIV expr

    MUL  偏移，并进入状态 22
    DIV  偏移，并进入状态 23

    $default  使用规则 5 以归约 (expr)


状态 28

    4 expr: expr . ADD expr
    5     | expr . SUB expr
    6     | expr . MUL expr
    6     | expr MUL expr .
    7     | expr . DIV expr

    $default  使用规则 6 以归约 (expr)


状态 29

    4 expr: expr . ADD expr
    5     | expr . SUB expr
    6     | expr . MUL expr
    7     | expr . DIV expr
    7     | expr DIV expr .

    $default  使用规则 7 以归约 (expr)
